10/10/2021, 19:01:31 - INFO - Server is running on port: 3030 
10/10/2021, 19:02:54 - INFO - Server is running on port: 3030 
10/10/2021, 19:03:12 - INFO - Server is running on port: 3030 
10/10/2021, 19:03:52 - INFO - Server is running on port: 3030 
10/10/2021, 19:03:54 - INFO - Server is running on port: 3030 
11/10/2021, 16:40:47 - INFO - Server is running on port: 3030 
11/10/2021, 16:41:31 - INFO - Server is running on port: 3030 
11/10/2021, 16:53:41 - INFO - Server is running on port: 3030 
15/11/2021, 16:01:31 - INFO - Server is running on port: 3030 
15/11/2021, 16:16:46 - INFO - Server is running on port: 3030 
15/11/2021, 16:22:10 - INFO - Server is running on port: 3030 
15/11/2021, 16:24:37 - INFO - Server is running on port: 3030 
15/11/2021, 16:35:32 - INFO - Server is running on port: 3030 
15/11/2021, 16:42:24 - INFO - Server is running on port: 3030 
06/12/2021, 15:25:04 - INFO - Server is running on port: 3030 
06/12/2021, 15:25:18 - INFO - Server is running on port: 3030 
06/12/2021, 15:30:28 - INFO - Server is running on port: 3030 
06/12/2021, 15:30:43 - INFO - Server is running on port: 3030 
06/12/2021, 15:31:12 - INFO - Server is running on port: 3030 
06/12/2021, 15:31:23 - INFO - Server is running on port: 3030 
06/12/2021, 15:31:33 - INFO - Server is running on port: 3030 
06/12/2021, 15:32:38 - INFO - Server is running on port: 3030 
06/12/2021, 15:33:49 - INFO - Server is running on port: 3030 
06/12/2021, 15:34:27 - INFO - Server is running on port: 3030 
06/12/2021, 15:34:54 - INFO - Server is running on port: 3030 
06/12/2021, 15:35:27 - INFO - Server is running on port: 3030 
06/12/2021, 15:36:31 - INFO - Server is running on port: 3030 
06/12/2021, 15:37:11 - INFO - Server is running on port: 3030 
06/12/2021, 15:39:15 - INFO - Server is running on port: 3030 
06/12/2021, 15:39:55 - INFO - Server is running on port: 3030 
06/12/2021, 15:39:57 - ERROR - Failed to get user | ReferenceError: boardId is not defined (sid: fu4rM6ZgPEv3ve-0UR3bPWRrcHZgd4uA)
06/12/2021, 15:40:07 - INFO - Server is running on port: 3030 
06/12/2021, 15:40:43 - INFO - Server is running on port: 3030 
06/12/2021, 15:41:04 - INFO - Server is running on port: 3030 
06/12/2021, 15:41:09 - ERROR - Failed to get board | ReferenceError: _id is not defined (sid: qVIpK6J18Aamuo2mur76-83t3IWQIihq)
06/12/2021, 15:41:31 - INFO - Server is running on port: 3030 
06/12/2021, 15:41:46 - INFO - Server is running on port: 3030 
06/12/2021, 15:41:57 - INFO - Server is running on port: 3030 
06/12/2021, 15:42:36 - INFO - Server is running on port: 3030 
06/12/2021, 15:43:03 - INFO - Server is running on port: 3030 
06/12/2021, 15:43:06 - ERROR - Failed to get board | ReferenceError: userId is not defined (sid: ZUCiT08zsNNZGk1D2xmVZRDpXMsa7PEC)
06/12/2021, 15:43:51 - INFO - Server is running on port: 3030 
06/12/2021, 15:43:55 - ERROR - Failed to get board | ReferenceError: userId is not defined (sid: MV4EmpYERbtESEYlbCXqnFeqxhLjtkt6)
06/12/2021, 15:44:32 - INFO - Server is running on port: 3030 
06/12/2021, 15:44:36 - ERROR - while finding board  | Error: Argument passed in must be a single String of 12 bytes or a string of 24 hex characters (sid: E8_EboXjRQhweU02A-Il5d6e_2cuuDPp)
06/12/2021, 15:44:36 - ERROR - Failed to get board | Error: Argument passed in must be a single String of 12 bytes or a string of 24 hex characters (sid: E8_EboXjRQhweU02A-Il5d6e_2cuuDPp)
06/12/2021, 15:45:14 - INFO - Server is running on port: 3030 
06/12/2021, 15:46:13 - INFO - Server is running on port: 3030 
06/12/2021, 15:46:16 - INFO - Server is running on port: 3030 
06/12/2021, 15:46:22 - INFO - Server is running on port: 3030 
06/12/2021, 15:47:43 - INFO - Server is running on port: 3030 
06/12/2021, 15:48:22 - INFO - Server is running on port: 3030 
06/12/2021, 15:49:03 - INFO - Server is running on port: 3030 
06/12/2021, 15:49:07 - INFO - Server is running on port: 3030 
06/12/2021, 15:49:44 - INFO - Server is running on port: 3030 
06/12/2021, 15:50:17 - INFO - Server is running on port: 3030 
06/12/2021, 15:52:06 - INFO - Server is running on port: 3030 
06/12/2021, 15:52:19 - INFO - Server is running on port: 3030 
06/12/2021, 15:52:34 - INFO - Server is running on port: 3030 
06/12/2021, 15:52:47 - INFO - Server is running on port: 3030 
06/12/2021, 15:53:04 - INFO - Server is running on port: 3030 
06/12/2021, 15:53:28 - INFO - Server is running on port: 3030 
06/12/2021, 15:53:30 - ERROR - Failed to get board | TypeError: Converting circular structure to JSON
    --> starting at object with constructor 'NativeTopology'
    |     property 's' -> object with constructor 'Object'
    |     property 'sessionPool' -> object with constructor 'ServerSessionPool'
    --- property 'topology' closes the circle (sid: 6Atds8shRIzMdjRWeWvn5GtWq7Is-cea)
06/12/2021, 15:54:44 - INFO - Server is running on port: 3030 
06/12/2021, 15:54:48 - ERROR - Failed to get board | TypeError: Converting circular structure to JSON
    --> starting at object with constructor 'NativeTopology'
    |     property 's' -> object with constructor 'Object'
    |     property 'sessionPool' -> object with constructor 'ServerSessionPool'
    --- property 'topology' closes the circle (sid: KRFpvQEdCZmBsg9C1zz7luVXgNDbjCSV)
06/12/2021, 15:56:39 - INFO - Server is running on port: 3030 
06/12/2021, 16:06:20 - INFO - Server is running on port: 3030 
06/12/2021, 16:06:45 - ERROR - while finding board b101 | Error: Argument passed in must be a single String of 12 bytes or a string of 24 hex characters (sid: c_XHIoWZYNvc2mI4jFXss5hUOGbSVnut)
06/12/2021, 16:06:45 - ERROR - Failed to get board | Error: Argument passed in must be a single String of 12 bytes or a string of 24 hex characters (sid: c_XHIoWZYNvc2mI4jFXss5hUOGbSVnut)
06/12/2021, 16:06:50 - ERROR - while finding board 101 | Error: Argument passed in must be a single String of 12 bytes or a string of 24 hex characters (sid: c_XHIoWZYNvc2mI4jFXss5hUOGbSVnut)
06/12/2021, 16:06:50 - ERROR - Failed to get board | Error: Argument passed in must be a single String of 12 bytes or a string of 24 hex characters (sid: c_XHIoWZYNvc2mI4jFXss5hUOGbSVnut)
06/12/2021, 16:06:53 - ERROR - while finding board 100 | Error: Argument passed in must be a single String of 12 bytes or a string of 24 hex characters (sid: c_XHIoWZYNvc2mI4jFXss5hUOGbSVnut)
06/12/2021, 16:06:53 - ERROR - Failed to get board | Error: Argument passed in must be a single String of 12 bytes or a string of 24 hex characters (sid: c_XHIoWZYNvc2mI4jFXss5hUOGbSVnut)
06/12/2021, 16:06:56 - ERROR - while finding board 101 | Error: Argument passed in must be a single String of 12 bytes or a string of 24 hex characters (sid: c_XHIoWZYNvc2mI4jFXss5hUOGbSVnut)
06/12/2021, 16:06:56 - ERROR - Failed to get board | Error: Argument passed in must be a single String of 12 bytes or a string of 24 hex characters (sid: c_XHIoWZYNvc2mI4jFXss5hUOGbSVnut)
06/12/2021, 16:08:46 - ERROR - while finding board 101 | Error: Argument passed in must be a single String of 12 bytes or a string of 24 hex characters (sid: RESXbGiMKkwCTSIYcy-OFtfzDb-_47ix)
06/12/2021, 16:08:46 - ERROR - Failed to get board | Error: Argument passed in must be a single String of 12 bytes or a string of 24 hex characters (sid: RESXbGiMKkwCTSIYcy-OFtfzDb-_47ix)
06/12/2021, 16:10:44 - INFO - Server is running on port: 3030 
06/12/2021, 16:11:18 - INFO - Server is running on port: 3030 
06/12/2021, 16:18:27 - ERROR - while finding board b101 | Error: Argument passed in must be a single String of 12 bytes or a string of 24 hex characters (sid: qPnqpAGYx6ipEnPzd1GxbW_TFrF3I27l)
06/12/2021, 16:18:27 - ERROR - Failed to get board | Error: Argument passed in must be a single String of 12 bytes or a string of 24 hex characters (sid: qPnqpAGYx6ipEnPzd1GxbW_TFrF3I27l)
06/12/2021, 16:18:58 - ERROR - while finding board b101 | Error: Argument passed in must be a single String of 12 bytes or a string of 24 hex characters (sid: qPnqpAGYx6ipEnPzd1GxbW_TFrF3I27l)
06/12/2021, 16:18:58 - ERROR - Failed to get board | Error: Argument passed in must be a single String of 12 bytes or a string of 24 hex characters (sid: qPnqpAGYx6ipEnPzd1GxbW_TFrF3I27l)
06/12/2021, 16:19:02 - ERROR - while finding board b101 | Error: Argument passed in must be a single String of 12 bytes or a string of 24 hex characters (sid: qPnqpAGYx6ipEnPzd1GxbW_TFrF3I27l)
06/12/2021, 16:19:02 - ERROR - Failed to get board | Error: Argument passed in must be a single String of 12 bytes or a string of 24 hex characters (sid: qPnqpAGYx6ipEnPzd1GxbW_TFrF3I27l)
06/12/2021, 16:19:16 - ERROR - while finding board 101 | Error: Argument passed in must be a single String of 12 bytes or a string of 24 hex characters (sid: qPnqpAGYx6ipEnPzd1GxbW_TFrF3I27l)
06/12/2021, 16:19:16 - ERROR - Failed to get board | Error: Argument passed in must be a single String of 12 bytes or a string of 24 hex characters (sid: qPnqpAGYx6ipEnPzd1GxbW_TFrF3I27l)
06/12/2021, 16:19:21 - ERROR - while finding board 101 | Error: Argument passed in must be a single String of 12 bytes or a string of 24 hex characters (sid: qPnqpAGYx6ipEnPzd1GxbW_TFrF3I27l)
06/12/2021, 16:19:21 - ERROR - Failed to get board | Error: Argument passed in must be a single String of 12 bytes or a string of 24 hex characters (sid: qPnqpAGYx6ipEnPzd1GxbW_TFrF3I27l)
06/12/2021, 16:19:36 - ERROR - while finding board b101 | Error: Argument passed in must be a single String of 12 bytes or a string of 24 hex characters (sid: qPnqpAGYx6ipEnPzd1GxbW_TFrF3I27l)
06/12/2021, 16:19:36 - ERROR - Failed to get board | Error: Argument passed in must be a single String of 12 bytes or a string of 24 hex characters (sid: qPnqpAGYx6ipEnPzd1GxbW_TFrF3I27l)
06/12/2021, 16:20:02 - ERROR - while finding board b101 | Error: Argument passed in must be a single String of 12 bytes or a string of 24 hex characters (sid: qPnqpAGYx6ipEnPzd1GxbW_TFrF3I27l)
06/12/2021, 16:20:02 - ERROR - Failed to get board | Error: Argument passed in must be a single String of 12 bytes or a string of 24 hex characters (sid: qPnqpAGYx6ipEnPzd1GxbW_TFrF3I27l)
06/12/2021, 16:20:04 - ERROR - while finding board b101 | Error: Argument passed in must be a single String of 12 bytes or a string of 24 hex characters (sid: qPnqpAGYx6ipEnPzd1GxbW_TFrF3I27l)
06/12/2021, 16:20:04 - ERROR - Failed to get board | Error: Argument passed in must be a single String of 12 bytes or a string of 24 hex characters (sid: qPnqpAGYx6ipEnPzd1GxbW_TFrF3I27l)
06/12/2021, 16:21:25 - ERROR - while finding board b101 | Error: Argument passed in must be a single String of 12 bytes or a string of 24 hex characters (sid: aqYFExgjhgzKyzwg-giOu1rd2ox3cMlK)
06/12/2021, 16:21:25 - ERROR - Failed to get board | Error: Argument passed in must be a single String of 12 bytes or a string of 24 hex characters (sid: aqYFExgjhgzKyzwg-giOu1rd2ox3cMlK)
06/12/2021, 16:24:23 - ERROR - while finding board b101 | Error: Argument passed in must be a single String of 12 bytes or a string of 24 hex characters (sid: qPnqpAGYx6ipEnPzd1GxbW_TFrF3I27l)
06/12/2021, 16:24:23 - ERROR - Failed to get board | Error: Argument passed in must be a single String of 12 bytes or a string of 24 hex characters (sid: qPnqpAGYx6ipEnPzd1GxbW_TFrF3I27l)
06/12/2021, 16:24:55 - ERROR - while finding board b101 | Error: Argument passed in must be a single String of 12 bytes or a string of 24 hex characters (sid: qPnqpAGYx6ipEnPzd1GxbW_TFrF3I27l)
06/12/2021, 16:24:55 - ERROR - Failed to get board | Error: Argument passed in must be a single String of 12 bytes or a string of 24 hex characters (sid: qPnqpAGYx6ipEnPzd1GxbW_TFrF3I27l)
06/12/2021, 16:32:56 - ERROR - while finding board b101 | Error: Argument passed in must be a single String of 12 bytes or a string of 24 hex characters (sid: qPnqpAGYx6ipEnPzd1GxbW_TFrF3I27l)
06/12/2021, 16:32:56 - ERROR - Failed to get board | Error: Argument passed in must be a single String of 12 bytes or a string of 24 hex characters (sid: qPnqpAGYx6ipEnPzd1GxbW_TFrF3I27l)
06/12/2021, 16:43:41 - ERROR - cannot find users | Error: Argument passed in must be a single String of 12 bytes or a string of 24 hex characters (sid: aqYFExgjhgzKyzwg-giOu1rd2ox3cMlK)
06/12/2021, 16:43:41 - ERROR - Failed to get users | Error: Argument passed in must be a single String of 12 bytes or a string of 24 hex characters (sid: aqYFExgjhgzKyzwg-giOu1rd2ox3cMlK)
06/12/2021, 16:43:51 - INFO - Server is running on port: 3030 
06/12/2021, 16:44:52 - ERROR - cannot find users | Error: Argument passed in must be a single String of 12 bytes or a string of 24 hex characters (sid: T2dwvKK5XhQSom_yKxve3iH_TdgcqVF7)
06/12/2021, 16:44:52 - ERROR - Failed to get users | Error: Argument passed in must be a single String of 12 bytes or a string of 24 hex characters (sid: T2dwvKK5XhQSom_yKxve3iH_TdgcqVF7)
06/12/2021, 16:45:59 - ERROR - while finding user u101 | Error: Argument passed in must be a single String of 12 bytes or a string of 24 hex characters (sid: T2dwvKK5XhQSom_yKxve3iH_TdgcqVF7)
06/12/2021, 16:45:59 - ERROR - Failed to get user | Error: Argument passed in must be a single String of 12 bytes or a string of 24 hex characters (sid: T2dwvKK5XhQSom_yKxve3iH_TdgcqVF7)
06/12/2021, 16:46:03 - ERROR - cannot find users | Error: Argument passed in must be a single String of 12 bytes or a string of 24 hex characters (sid: T2dwvKK5XhQSom_yKxve3iH_TdgcqVF7)
06/12/2021, 16:46:03 - ERROR - Failed to get users | Error: Argument passed in must be a single String of 12 bytes or a string of 24 hex characters (sid: T2dwvKK5XhQSom_yKxve3iH_TdgcqVF7)
06/12/2021, 16:46:28 - INFO - Server is running on port: 3030 
06/12/2021, 16:46:41 - ERROR - cannot find users | Error: Argument passed in must be a single String of 12 bytes or a string of 24 hex characters (sid: oHOzghPr97JDxu_56FWLrYFfwjTtIdo8)
06/12/2021, 16:46:41 - ERROR - Failed to get users | Error: Argument passed in must be a single String of 12 bytes or a string of 24 hex characters (sid: oHOzghPr97JDxu_56FWLrYFfwjTtIdo8)
06/12/2021, 16:47:19 - INFO - Server is running on port: 3030 
06/12/2021, 16:47:23 - ERROR - cannot find users | Error: Argument passed in must be a single String of 12 bytes or a string of 24 hex characters (sid: FKu-A_vlWB_MFLWnH1jFpDDeMkkoz_wx)
06/12/2021, 16:47:23 - ERROR - Failed to get users | Error: Argument passed in must be a single String of 12 bytes or a string of 24 hex characters (sid: FKu-A_vlWB_MFLWnH1jFpDDeMkkoz_wx)
06/12/2021, 16:47:30 - ERROR - while finding user NaN | TypeError: Cannot convert undefined or null to object (sid: FKu-A_vlWB_MFLWnH1jFpDDeMkkoz_wx)
06/12/2021, 16:47:30 - ERROR - Failed to get user | TypeError: Cannot convert undefined or null to object (sid: FKu-A_vlWB_MFLWnH1jFpDDeMkkoz_wx)
06/12/2021, 16:47:34 - ERROR - cannot find users | Error: Argument passed in must be a single String of 12 bytes or a string of 24 hex characters (sid: FKu-A_vlWB_MFLWnH1jFpDDeMkkoz_wx)
06/12/2021, 16:47:34 - ERROR - Failed to get users | Error: Argument passed in must be a single String of 12 bytes or a string of 24 hex characters (sid: FKu-A_vlWB_MFLWnH1jFpDDeMkkoz_wx)
06/12/2021, 16:47:39 - INFO - Server is running on port: 3030 
06/12/2021, 16:48:13 - INFO - Server is running on port: 3030 
06/12/2021, 16:48:16 - ERROR - cannot find users | Error: Argument passed in must be a single String of 12 bytes or a string of 24 hex characters (sid: T4lJPoQnpvjo4mp32PD9olupFtX4xgkx)
06/12/2021, 16:48:16 - ERROR - Failed to get users | Error: Argument passed in must be a single String of 12 bytes or a string of 24 hex characters (sid: T4lJPoQnpvjo4mp32PD9olupFtX4xgkx)
06/12/2021, 16:53:12 - ERROR - while finding user u101 | Error: Argument passed in must be a single String of 12 bytes or a string of 24 hex characters (sid: T4lJPoQnpvjo4mp32PD9olupFtX4xgkx)
06/12/2021, 16:53:12 - ERROR - Failed to get user | Error: Argument passed in must be a single String of 12 bytes or a string of 24 hex characters (sid: T4lJPoQnpvjo4mp32PD9olupFtX4xgkx)
06/12/2021, 16:53:16 - ERROR - while finding user u102 | Error: Argument passed in must be a single String of 12 bytes or a string of 24 hex characters (sid: T4lJPoQnpvjo4mp32PD9olupFtX4xgkx)
06/12/2021, 16:53:16 - ERROR - Failed to get user | Error: Argument passed in must be a single String of 12 bytes or a string of 24 hex characters (sid: T4lJPoQnpvjo4mp32PD9olupFtX4xgkx)
06/12/2021, 18:09:41 - ERROR - while finding user u101 | Error: Argument passed in must be a single String of 12 bytes or a string of 24 hex characters (sid: g_4_txLjR6LakuLxT1ytuiLGEhU063N9)
06/12/2021, 18:09:41 - ERROR - Failed to get user | Error: Argument passed in must be a single String of 12 bytes or a string of 24 hex characters (sid: g_4_txLjR6LakuLxT1ytuiLGEhU063N9)
06/12/2021, 18:09:45 - ERROR - while finding user u101 | Error: Argument passed in must be a single String of 12 bytes or a string of 24 hex characters (sid: g_4_txLjR6LakuLxT1ytuiLGEhU063N9)
06/12/2021, 18:09:45 - ERROR - Failed to get user | Error: Argument passed in must be a single String of 12 bytes or a string of 24 hex characters (sid: g_4_txLjR6LakuLxT1ytuiLGEhU063N9)
06/12/2021, 18:09:45 - ERROR - while finding user u101 | Error: Argument passed in must be a single String of 12 bytes or a string of 24 hex characters (sid: g_4_txLjR6LakuLxT1ytuiLGEhU063N9)
06/12/2021, 18:09:45 - ERROR - Failed to get user | Error: Argument passed in must be a single String of 12 bytes or a string of 24 hex characters (sid: g_4_txLjR6LakuLxT1ytuiLGEhU063N9)
06/12/2021, 18:09:45 - ERROR - while finding user u101 | Error: Argument passed in must be a single String of 12 bytes or a string of 24 hex characters (sid: g_4_txLjR6LakuLxT1ytuiLGEhU063N9)
06/12/2021, 18:09:45 - ERROR - Failed to get user | Error: Argument passed in must be a single String of 12 bytes or a string of 24 hex characters (sid: g_4_txLjR6LakuLxT1ytuiLGEhU063N9)
06/12/2021, 18:09:53 - ERROR - while finding user u101 | Error: Argument passed in must be a single String of 12 bytes or a string of 24 hex characters (sid: g_4_txLjR6LakuLxT1ytuiLGEhU063N9)
06/12/2021, 18:09:53 - ERROR - Failed to get user | Error: Argument passed in must be a single String of 12 bytes or a string of 24 hex characters (sid: g_4_txLjR6LakuLxT1ytuiLGEhU063N9)
06/12/2021, 18:10:16 - ERROR - while finding user u101 | Error: Argument passed in must be a single String of 12 bytes or a string of 24 hex characters (sid: g_4_txLjR6LakuLxT1ytuiLGEhU063N9)
06/12/2021, 18:10:16 - ERROR - Failed to get user | Error: Argument passed in must be a single String of 12 bytes or a string of 24 hex characters (sid: g_4_txLjR6LakuLxT1ytuiLGEhU063N9)
06/12/2021, 18:12:25 - DEBUG - auth.service - login with username: undefined (sid: g_4_txLjR6LakuLxT1ytuiLGEhU063N9)
06/12/2021, 18:12:26 - ERROR - Failed to Login Invalid username or password (sid: g_4_txLjR6LakuLxT1ytuiLGEhU063N9)
06/12/2021, 18:12:33 - DEBUG - auth.service - login with username: undefined (sid: g_4_txLjR6LakuLxT1ytuiLGEhU063N9)
06/12/2021, 18:12:33 - ERROR - Failed to Login Invalid username or password (sid: g_4_txLjR6LakuLxT1ytuiLGEhU063N9)
06/12/2021, 18:13:07 - DEBUG - auth.service - login with username: undefined (sid: g_4_txLjR6LakuLxT1ytuiLGEhU063N9)
06/12/2021, 18:13:07 - ERROR - Failed to Login Invalid username or password (sid: g_4_txLjR6LakuLxT1ytuiLGEhU063N9)
06/12/2021, 18:14:09 - DEBUG - auth.service - login with username: undefined (sid: g_4_txLjR6LakuLxT1ytuiLGEhU063N9)
06/12/2021, 18:14:09 - ERROR - Failed to Login Invalid username or password (sid: g_4_txLjR6LakuLxT1ytuiLGEhU063N9)
06/12/2021, 18:14:17 - DEBUG - auth.service - login with username: undefined (sid: g_4_txLjR6LakuLxT1ytuiLGEhU063N9)
06/12/2021, 18:14:17 - ERROR - Failed to Login Invalid username or password (sid: g_4_txLjR6LakuLxT1ytuiLGEhU063N9)
06/12/2021, 18:16:46 - DEBUG - auth.service - login with username: Guest (sid: g_4_txLjR6LakuLxT1ytuiLGEhU063N9)
06/12/2021, 18:17:18 - INFO - Req from: Guest Guest (sid: g_4_txLjR6LakuLxT1ytuiLGEhU063N9)
06/12/2021, 18:17:46 - INFO - Req from: Guest Guest (sid: g_4_txLjR6LakuLxT1ytuiLGEhU063N9)
06/12/2021, 18:17:46 - DEBUG - auth.service - login with username: Guest (sid: g_4_txLjR6LakuLxT1ytuiLGEhU063N9)
06/12/2021, 18:18:48 - INFO - Req from: Guest Guest (sid: g_4_txLjR6LakuLxT1ytuiLGEhU063N9)
06/12/2021, 18:18:49 - INFO - Req from: Guest Guest (sid: g_4_txLjR6LakuLxT1ytuiLGEhU063N9)
06/12/2021, 18:19:24 - INFO - Req from: Guest Guest (sid: g_4_txLjR6LakuLxT1ytuiLGEhU063N9)
06/12/2021, 18:19:25 - INFO - Req from: Guest Guest (sid: g_4_txLjR6LakuLxT1ytuiLGEhU063N9)
06/12/2021, 18:21:29 - INFO - Req from: Guest Guest (sid: g_4_txLjR6LakuLxT1ytuiLGEhU063N9)
06/12/2021, 18:21:49 - INFO - Req from: Guest Guest (sid: g_4_txLjR6LakuLxT1ytuiLGEhU063N9)
06/12/2021, 18:22:02 - INFO - Req from: Guest Guest (sid: g_4_txLjR6LakuLxT1ytuiLGEhU063N9)
06/12/2021, 18:22:02 - INFO - Req from: Guest Guest (sid: g_4_txLjR6LakuLxT1ytuiLGEhU063N9)
06/12/2021, 18:22:13 - INFO - Req from: Guest Guest (sid: g_4_txLjR6LakuLxT1ytuiLGEhU063N9)
06/12/2021, 18:23:22 - INFO - Req from: Guest Guest (sid: g_4_txLjR6LakuLxT1ytuiLGEhU063N9)
06/12/2021, 18:23:22 - INFO - Req from: Guest Guest (sid: g_4_txLjR6LakuLxT1ytuiLGEhU063N9)
06/12/2021, 18:23:25 - INFO - Req from: Guest Guest (sid: g_4_txLjR6LakuLxT1ytuiLGEhU063N9)
06/12/2021, 18:23:25 - INFO - Req from: Guest Guest (sid: g_4_txLjR6LakuLxT1ytuiLGEhU063N9)
06/12/2021, 18:24:16 - DEBUG - auth.service - login with username: Guest (sid: g_4_txLjR6LakuLxT1ytuiLGEhU063N9)
06/12/2021, 18:24:16 - INFO - Req from: Guest Guest (sid: g_4_txLjR6LakuLxT1ytuiLGEhU063N9)
06/12/2021, 18:24:16 - INFO - Req from: Guest Guest (sid: g_4_txLjR6LakuLxT1ytuiLGEhU063N9)
07/12/2021, 19:33:05 - INFO - Req from: Guest Guest (sid: g_4_txLjR6LakuLxT1ytuiLGEhU063N9)
07/12/2021, 19:33:06 - INFO - Req from: Guest Guest (sid: g_4_txLjR6LakuLxT1ytuiLGEhU063N9)
07/12/2021, 19:35:36 - INFO - Req from: Guest Guest (sid: g_4_txLjR6LakuLxT1ytuiLGEhU063N9)
07/12/2021, 19:35:37 - INFO - Req from: Guest Guest (sid: g_4_txLjR6LakuLxT1ytuiLGEhU063N9)
07/12/2021, 19:35:38 - INFO - Req from: Guest Guest (sid: g_4_txLjR6LakuLxT1ytuiLGEhU063N9)
07/12/2021, 19:35:39 - INFO - Req from: Guest Guest (sid: g_4_txLjR6LakuLxT1ytuiLGEhU063N9)
07/12/2021, 19:36:15 - INFO - Req from: Guest Guest (sid: g_4_txLjR6LakuLxT1ytuiLGEhU063N9)
07/12/2021, 19:36:15 - INFO - Req from: Guest Guest (sid: g_4_txLjR6LakuLxT1ytuiLGEhU063N9)
07/12/2021, 19:36:30 - INFO - Req from: Guest Guest (sid: g_4_txLjR6LakuLxT1ytuiLGEhU063N9)
07/12/2021, 19:36:45 - INFO - Req from: Guest Guest (sid: g_4_txLjR6LakuLxT1ytuiLGEhU063N9)
07/12/2021, 19:36:51 - INFO - Req from: Guest Guest (sid: g_4_txLjR6LakuLxT1ytuiLGEhU063N9)
07/12/2021, 19:40:17 - INFO - Req from: Guest Guest (sid: g_4_txLjR6LakuLxT1ytuiLGEhU063N9)
07/12/2021, 19:40:17 - INFO - Req from: Guest Guest (sid: g_4_txLjR6LakuLxT1ytuiLGEhU063N9)
07/12/2021, 19:40:19 - INFO - Req from: Guest Guest (sid: g_4_txLjR6LakuLxT1ytuiLGEhU063N9)
07/12/2021, 19:40:20 - INFO - Req from: Guest Guest (sid: g_4_txLjR6LakuLxT1ytuiLGEhU063N9)
07/12/2021, 19:40:24 - INFO - Req from: Guest Guest (sid: g_4_txLjR6LakuLxT1ytuiLGEhU063N9)
07/12/2021, 19:40:29 - INFO - Req from: Guest Guest (sid: g_4_txLjR6LakuLxT1ytuiLGEhU063N9)
07/12/2021, 19:43:15 - INFO - Req from: Guest Guest (sid: g_4_txLjR6LakuLxT1ytuiLGEhU063N9)
07/12/2021, 19:43:15 - INFO - Req from: Guest Guest (sid: g_4_txLjR6LakuLxT1ytuiLGEhU063N9)
07/12/2021, 19:43:18 - INFO - Req from: Guest Guest (sid: g_4_txLjR6LakuLxT1ytuiLGEhU063N9)
07/12/2021, 19:43:23 - INFO - Req from: Guest Guest (sid: g_4_txLjR6LakuLxT1ytuiLGEhU063N9)
07/12/2021, 19:43:39 - INFO - Req from: Guest Guest (sid: g_4_txLjR6LakuLxT1ytuiLGEhU063N9)
07/12/2021, 19:43:39 - INFO - Req from: Guest Guest (sid: g_4_txLjR6LakuLxT1ytuiLGEhU063N9)
07/12/2021, 19:43:52 - INFO - Req from: Guest Guest (sid: g_4_txLjR6LakuLxT1ytuiLGEhU063N9)
07/12/2021, 19:43:53 - INFO - Req from: Guest Guest (sid: g_4_txLjR6LakuLxT1ytuiLGEhU063N9)
07/12/2021, 19:43:56 - INFO - Req from: Guest Guest (sid: g_4_txLjR6LakuLxT1ytuiLGEhU063N9)
07/12/2021, 19:44:01 - INFO - Req from: Guest Guest (sid: g_4_txLjR6LakuLxT1ytuiLGEhU063N9)
07/12/2021, 19:44:07 - INFO - Req from: Guest Guest (sid: g_4_txLjR6LakuLxT1ytuiLGEhU063N9)
07/12/2021, 19:46:27 - INFO - Req from: Guest Guest (sid: g_4_txLjR6LakuLxT1ytuiLGEhU063N9)
07/12/2021, 19:46:27 - INFO - Req from: Guest Guest (sid: g_4_txLjR6LakuLxT1ytuiLGEhU063N9)
07/12/2021, 19:46:30 - INFO - Req from: Guest Guest (sid: g_4_txLjR6LakuLxT1ytuiLGEhU063N9)
07/12/2021, 19:46:34 - INFO - Req from: Guest Guest (sid: g_4_txLjR6LakuLxT1ytuiLGEhU063N9)
07/12/2021, 19:48:19 - INFO - Req from: Guest Guest (sid: g_4_txLjR6LakuLxT1ytuiLGEhU063N9)
07/12/2021, 19:48:19 - INFO - Req from: Guest Guest (sid: g_4_txLjR6LakuLxT1ytuiLGEhU063N9)
07/12/2021, 19:48:23 - INFO - Req from: Guest Guest (sid: g_4_txLjR6LakuLxT1ytuiLGEhU063N9)
07/12/2021, 19:48:27 - INFO - Req from: Guest Guest (sid: g_4_txLjR6LakuLxT1ytuiLGEhU063N9)
07/12/2021, 19:49:15 - INFO - Req from: Guest Guest (sid: g_4_txLjR6LakuLxT1ytuiLGEhU063N9)
07/12/2021, 19:49:15 - INFO - Req from: Guest Guest (sid: g_4_txLjR6LakuLxT1ytuiLGEhU063N9)
07/12/2021, 19:49:20 - INFO - Req from: Guest Guest (sid: g_4_txLjR6LakuLxT1ytuiLGEhU063N9)
07/12/2021, 19:49:24 - INFO - Req from: Guest Guest (sid: g_4_txLjR6LakuLxT1ytuiLGEhU063N9)
07/12/2021, 19:50:03 - INFO - Req from: Guest Guest (sid: g_4_txLjR6LakuLxT1ytuiLGEhU063N9)
07/12/2021, 19:50:03 - INFO - Req from: Guest Guest (sid: g_4_txLjR6LakuLxT1ytuiLGEhU063N9)
07/12/2021, 19:50:05 - INFO - Req from: Guest Guest (sid: g_4_txLjR6LakuLxT1ytuiLGEhU063N9)
07/12/2021, 19:50:09 - INFO - Req from: Guest Guest (sid: g_4_txLjR6LakuLxT1ytuiLGEhU063N9)
07/12/2021, 19:50:26 - INFO - Req from: Guest Guest (sid: g_4_txLjR6LakuLxT1ytuiLGEhU063N9)
07/12/2021, 19:50:26 - INFO - Req from: Guest Guest (sid: g_4_txLjR6LakuLxT1ytuiLGEhU063N9)
07/12/2021, 19:50:29 - INFO - Req from: Guest Guest (sid: g_4_txLjR6LakuLxT1ytuiLGEhU063N9)
07/12/2021, 19:50:33 - INFO - Req from: Guest Guest (sid: g_4_txLjR6LakuLxT1ytuiLGEhU063N9)
07/12/2021, 19:51:57 - INFO - Req from: Guest Guest (sid: g_4_txLjR6LakuLxT1ytuiLGEhU063N9)
07/12/2021, 19:51:57 - INFO - Req from: Guest Guest (sid: g_4_txLjR6LakuLxT1ytuiLGEhU063N9)
07/12/2021, 19:52:00 - INFO - Req from: Guest Guest (sid: g_4_txLjR6LakuLxT1ytuiLGEhU063N9)
07/12/2021, 19:52:06 - INFO - Req from: Guest Guest (sid: g_4_txLjR6LakuLxT1ytuiLGEhU063N9)
07/12/2021, 19:52:34 - INFO - Req from: Guest Guest (sid: g_4_txLjR6LakuLxT1ytuiLGEhU063N9)
07/12/2021, 19:52:34 - INFO - Req from: Guest Guest (sid: g_4_txLjR6LakuLxT1ytuiLGEhU063N9)
07/12/2021, 19:52:36 - INFO - Req from: Guest Guest (sid: g_4_txLjR6LakuLxT1ytuiLGEhU063N9)
07/12/2021, 19:52:40 - INFO - Req from: Guest Guest (sid: g_4_txLjR6LakuLxT1ytuiLGEhU063N9)
07/12/2021, 19:53:06 - INFO - Req from: Guest Guest (sid: g_4_txLjR6LakuLxT1ytuiLGEhU063N9)
07/12/2021, 19:53:06 - INFO - Req from: Guest Guest (sid: g_4_txLjR6LakuLxT1ytuiLGEhU063N9)
07/12/2021, 19:53:08 - INFO - Req from: Guest Guest (sid: g_4_txLjR6LakuLxT1ytuiLGEhU063N9)
07/12/2021, 19:53:12 - INFO - Req from: Guest Guest (sid: g_4_txLjR6LakuLxT1ytuiLGEhU063N9)
07/12/2021, 19:54:39 - INFO - Req from: Guest Guest (sid: g_4_txLjR6LakuLxT1ytuiLGEhU063N9)
07/12/2021, 19:54:39 - INFO - Req from: Guest Guest (sid: g_4_txLjR6LakuLxT1ytuiLGEhU063N9)
07/12/2021, 19:54:41 - INFO - Req from: Guest Guest (sid: g_4_txLjR6LakuLxT1ytuiLGEhU063N9)
07/12/2021, 19:54:45 - INFO - Req from: Guest Guest (sid: g_4_txLjR6LakuLxT1ytuiLGEhU063N9)
07/12/2021, 19:55:21 - INFO - Req from: Guest Guest (sid: g_4_txLjR6LakuLxT1ytuiLGEhU063N9)
07/12/2021, 19:55:21 - INFO - Req from: Guest Guest (sid: g_4_txLjR6LakuLxT1ytuiLGEhU063N9)
07/12/2021, 19:55:24 - INFO - Req from: Guest Guest (sid: g_4_txLjR6LakuLxT1ytuiLGEhU063N9)
07/12/2021, 19:55:28 - INFO - Req from: Guest Guest (sid: g_4_txLjR6LakuLxT1ytuiLGEhU063N9)
07/12/2021, 19:55:29 - INFO - Req from: Guest Guest (sid: g_4_txLjR6LakuLxT1ytuiLGEhU063N9)
07/12/2021, 19:57:07 - INFO - Server is running on port: 3030 
07/12/2021, 20:20:19 - INFO - Server is running on port: 3030 
07/12/2021, 20:26:51 - INFO - Server is running on port: 3030 
07/12/2021, 20:52:39 - DEBUG - auth.service - login with username: Guest (sid: mag5lVy0qys4705D8B5ZgELLOs5rgflY)
07/12/2021, 20:52:40 - INFO - Req from: Guest Guest (sid: mag5lVy0qys4705D8B5ZgELLOs5rgflY)
07/12/2021, 20:52:52 - INFO - Req from: Guest Guest (sid: mag5lVy0qys4705D8B5ZgELLOs5rgflY)
07/12/2021, 20:52:52 - INFO - Req from: Guest Guest (sid: mag5lVy0qys4705D8B5ZgELLOs5rgflY)
07/12/2021, 20:52:59 - INFO - Req from: Guest Guest (sid: mag5lVy0qys4705D8B5ZgELLOs5rgflY)
07/12/2021, 20:53:02 - INFO - Req from: Guest Guest (sid: mag5lVy0qys4705D8B5ZgELLOs5rgflY)
07/12/2021, 20:53:59 - INFO - Req from: Guest Guest (sid: mag5lVy0qys4705D8B5ZgELLOs5rgflY)
07/12/2021, 20:54:31 - INFO - Req from: Guest Guest (sid: mag5lVy0qys4705D8B5ZgELLOs5rgflY)
07/12/2021, 20:54:31 - DEBUG - auth.service - login with username: Guest (sid: mag5lVy0qys4705D8B5ZgELLOs5rgflY)
07/12/2021, 20:54:32 - INFO - Req from: Guest Guest (sid: mag5lVy0qys4705D8B5ZgELLOs5rgflY)
07/12/2021, 20:56:04 - INFO - Req from: Guest Guest (sid: mag5lVy0qys4705D8B5ZgELLOs5rgflY)
07/12/2021, 20:56:05 - INFO - Req from: Guest Guest (sid: mag5lVy0qys4705D8B5ZgELLOs5rgflY)
07/12/2021, 20:56:28 - INFO - Req from: Guest Guest (sid: mag5lVy0qys4705D8B5ZgELLOs5rgflY)
07/12/2021, 20:56:28 - INFO - Req from: Guest Guest (sid: mag5lVy0qys4705D8B5ZgELLOs5rgflY)
07/12/2021, 20:56:45 - INFO - Req from: Guest Guest (sid: mag5lVy0qys4705D8B5ZgELLOs5rgflY)
07/12/2021, 20:56:45 - DEBUG - auth.service - login with username: Guest (sid: mag5lVy0qys4705D8B5ZgELLOs5rgflY)
07/12/2021, 20:56:55 - INFO - Req from: Guest Guest (sid: mag5lVy0qys4705D8B5ZgELLOs5rgflY)
07/12/2021, 20:57:01 - INFO - Req from: Guest Guest (sid: mag5lVy0qys4705D8B5ZgELLOs5rgflY)
07/12/2021, 20:57:06 - INFO - Req from: Guest Guest (sid: mag5lVy0qys4705D8B5ZgELLOs5rgflY)
07/12/2021, 20:57:26 - INFO - Req from: Guest Guest (sid: mag5lVy0qys4705D8B5ZgELLOs5rgflY)
07/12/2021, 20:57:37 - INFO - Req from: Guest Guest (sid: mag5lVy0qys4705D8B5ZgELLOs5rgflY)
07/12/2021, 20:57:53 - INFO - Req from: Guest Guest (sid: mag5lVy0qys4705D8B5ZgELLOs5rgflY)
07/12/2021, 20:57:53 - INFO - Req from: Guest Guest (sid: mag5lVy0qys4705D8B5ZgELLOs5rgflY)
07/12/2021, 20:57:57 - INFO - Req from: Guest Guest (sid: mag5lVy0qys4705D8B5ZgELLOs5rgflY)
07/12/2021, 20:58:38 - INFO - Req from: Guest Guest (sid: mag5lVy0qys4705D8B5ZgELLOs5rgflY)
07/12/2021, 20:58:46 - INFO - Req from: Guest Guest (sid: mag5lVy0qys4705D8B5ZgELLOs5rgflY)
07/12/2021, 20:59:28 - INFO - Req from: Guest Guest (sid: mag5lVy0qys4705D8B5ZgELLOs5rgflY)
07/12/2021, 20:59:36 - INFO - Req from: Guest Guest (sid: mag5lVy0qys4705D8B5ZgELLOs5rgflY)
07/12/2021, 20:59:36 - INFO - Req from: Guest Guest (sid: mag5lVy0qys4705D8B5ZgELLOs5rgflY)
07/12/2021, 20:59:45 - INFO - Req from: Guest Guest (sid: mag5lVy0qys4705D8B5ZgELLOs5rgflY)
07/12/2021, 20:59:45 - INFO - Req from: Guest Guest (sid: mag5lVy0qys4705D8B5ZgELLOs5rgflY)
07/12/2021, 20:59:51 - INFO - Req from: Guest Guest (sid: mag5lVy0qys4705D8B5ZgELLOs5rgflY)
07/12/2021, 20:59:53 - INFO - Req from: Guest Guest (sid: mag5lVy0qys4705D8B5ZgELLOs5rgflY)
07/12/2021, 21:00:05 - INFO - Req from: Guest Guest (sid: mag5lVy0qys4705D8B5ZgELLOs5rgflY)
07/12/2021, 21:00:05 - DEBUG - auth.service - login with username: Guest (sid: mag5lVy0qys4705D8B5ZgELLOs5rgflY)
07/12/2021, 21:00:05 - INFO - Req from: Guest Guest (sid: mag5lVy0qys4705D8B5ZgELLOs5rgflY)
07/12/2021, 21:07:48 - INFO - Req from: Guest Guest (sid: mag5lVy0qys4705D8B5ZgELLOs5rgflY)
07/12/2021, 21:07:48 - DEBUG - auth.service - login with username: Guest (sid: mag5lVy0qys4705D8B5ZgELLOs5rgflY)
07/12/2021, 21:09:30 - INFO - Req from: Guest Guest (sid: mag5lVy0qys4705D8B5ZgELLOs5rgflY)
07/12/2021, 21:09:30 - INFO - Req from: Guest Guest (sid: mag5lVy0qys4705D8B5ZgELLOs5rgflY)
07/12/2021, 21:09:34 - INFO - Req from: Guest Guest (sid: mag5lVy0qys4705D8B5ZgELLOs5rgflY)
07/12/2021, 21:09:42 - INFO - Req from: Guest Guest (sid: mag5lVy0qys4705D8B5ZgELLOs5rgflY)
07/12/2021, 21:09:47 - INFO - Req from: Guest Guest (sid: mag5lVy0qys4705D8B5ZgELLOs5rgflY)
07/12/2021, 21:12:46 - INFO - Req from: Guest Guest (sid: mag5lVy0qys4705D8B5ZgELLOs5rgflY)
07/12/2021, 21:12:46 - INFO - Req from: Guest Guest (sid: mag5lVy0qys4705D8B5ZgELLOs5rgflY)
07/12/2021, 21:12:47 - INFO - Req from: Guest Guest (sid: mag5lVy0qys4705D8B5ZgELLOs5rgflY)
07/12/2021, 21:12:47 - INFO - Req from: Guest Guest (sid: mag5lVy0qys4705D8B5ZgELLOs5rgflY)
07/12/2021, 21:12:55 - INFO - Req from: Guest Guest (sid: mag5lVy0qys4705D8B5ZgELLOs5rgflY)
07/12/2021, 21:12:55 - INFO - Req from: Guest Guest (sid: mag5lVy0qys4705D8B5ZgELLOs5rgflY)
07/12/2021, 21:13:37 - INFO - Req from: Guest Guest (sid: mag5lVy0qys4705D8B5ZgELLOs5rgflY)
07/12/2021, 21:13:37 - INFO - Req from: Guest Guest (sid: mag5lVy0qys4705D8B5ZgELLOs5rgflY)
07/12/2021, 21:13:40 - INFO - Req from: Guest Guest (sid: mag5lVy0qys4705D8B5ZgELLOs5rgflY)
07/12/2021, 21:13:41 - INFO - Req from: Guest Guest (sid: mag5lVy0qys4705D8B5ZgELLOs5rgflY)
07/12/2021, 21:16:34 - INFO - Req from: Guest Guest (sid: mag5lVy0qys4705D8B5ZgELLOs5rgflY)
07/12/2021, 21:16:35 - INFO - Req from: Guest Guest (sid: mag5lVy0qys4705D8B5ZgELLOs5rgflY)
07/12/2021, 21:56:39 - INFO - Server is running on port: 3030 
07/12/2021, 21:57:17 - DEBUG - auth.service - login with username: Guest (sid: 4_I9AUPVRaGVsRJJgLoVlh-oHAbX-jHH)
07/12/2021, 21:57:23 - INFO - Req from: Guest Guest (sid: 4_I9AUPVRaGVsRJJgLoVlh-oHAbX-jHH)
07/12/2021, 21:57:23 - INFO - Req from: Guest Guest (sid: 4_I9AUPVRaGVsRJJgLoVlh-oHAbX-jHH)
07/12/2021, 21:57:35 - INFO - Req from: Guest Guest (sid: 4_I9AUPVRaGVsRJJgLoVlh-oHAbX-jHH)
07/12/2021, 21:57:36 - INFO - Req from: Guest Guest (sid: 4_I9AUPVRaGVsRJJgLoVlh-oHAbX-jHH)
07/12/2021, 21:57:51 - INFO - Server is running on port: 3030 
08/12/2021, 3:30:00 - INFO - Server is running on port: 3030 
